<?xml version="1.0" encoding="UTF-8"?>
<testng-results ignored="0" total="1" passed="1" failed="0" skipped="0">
  <reporter-output>
  </reporter-output>
  <suite started-at="2024-05-27T11:29:31 IST" name="Suite" finished-at="2024-05-27T11:29:36 IST" duration-ms="4589">
    <groups>
    </groups>
    <test started-at="2024-05-27T11:29:31 IST" name="Test" finished-at="2024-05-27T11:29:36 IST" duration-ms="4589">
      <class name="SwagLabs.Login">
        <test-method signature="login_test()[pri:0, instance:SwagLabs.Login@47af7f3d]" started-at="2024-05-27T11:29:32 IST" name="login_test" finished-at="2024-05-27T11:29:36 IST" duration-ms="4537" status="PASS">
          <reporter-output>
          </reporter-output>
        </test-method> <!-- login_test -->
      </class> <!-- SwagLabs.Login -->
    </test> <!-- Test -->
  </suite> <!-- Suite -->
</testng-results>
