<?xml version="1.0" encoding="UTF-8"?>
<testng-results ignored="0" total="2" passed="2" failed="0" skipped="0">
  <reporter-output>
  </reporter-output>
  <suite started-at="2024-05-27T11:29:59 IST" name="Default suite" finished-at="2024-05-27T11:30:12 IST" duration-ms="13008">
    <groups>
    </groups>
    <test started-at="2024-05-27T11:29:59 IST" name="Default test" finished-at="2024-05-27T11:30:12 IST" duration-ms="13008">
      <class name="SwagLabs.AddtoCart">
        <test-method signature="FleeceJacket()[pri:0, instance:SwagLabs.AddtoCart@2b71e916]" started-at="2024-05-27T11:29:59 IST" name="FleeceJacket" finished-at="2024-05-27T11:30:08 IST" duration-ms="8913" status="PASS">
          <reporter-output>
          </reporter-output>
        </test-method> <!-- FleeceJacket -->
      </class> <!-- SwagLabs.AddtoCart -->
      <class name="SwagLabs.Login">
        <test-method signature="login_test()[pri:0, instance:SwagLabs.Login@5bf0d49]" started-at="2024-05-27T11:30:08 IST" name="login_test" finished-at="2024-05-27T11:30:12 IST" duration-ms="4020" status="PASS">
          <reporter-output>
          </reporter-output>
        </test-method> <!-- login_test -->
      </class> <!-- SwagLabs.Login -->
    </test> <!-- Default test -->
  </suite> <!-- Default suite -->
</testng-results>
